<?xml version="1.0" encoding="UTF-8"?>
<testsuite name="com.regisoc.modules.clubs.domain.ClubTest" tests="3" skipped="0" failures="0" errors="0" timestamp="2026-07-18T15:00:46" hostname="pacho" time="0.005">
  <properties/>
  <testcase name="should deactivate club()" classname="com.regisoc.modules.clubs.domain.ClubTest" time="0.002"/>
  <testcase name="should create club with default values()" classname="com.regisoc.modules.clubs.domain.ClubTest" time="0.002"/>
  <testcase name="should update club details()" classname="com.regisoc.modules.clubs.domain.ClubTest" time="0.0"/>
  <system-out><![CDATA[]]></system-out>
  <system-err><![CDATA[]]></system-err>
</testsuite>
