<?xml version="1.0" encoding="UTF-8"?>
<testsuite name="com.regisoc.modules.clubs.application.CreateClubUseCaseTest" tests="1" skipped="0" failures="0" errors="0" timestamp="2026-07-18T15:00:45" hostname="pacho" time="0.895">
  <properties/>
  <testcase name="should create club successfully()" classname="com.regisoc.modules.clubs.application.CreateClubUseCaseTest" time="0.895"/>
  <system-out><![CDATA[]]></system-out>
  <system-err><![CDATA[WARNING: A Java agent has been loaded dynamically (/home/pacho/.gradle/caches/modules-2/files-2.1/net.bytebuddy/byte-buddy-agent/1.15.11/a38b16385e867f59a641330f0362ebe742788ed8/byte-buddy-agent-1.15.11.jar)
WARNING: If a serviceability tool is in use, please run with -XX:+EnableDynamicAgentLoading to hide this warning
WARNING: If a serviceability tool is not in use, please run with -Djdk.instrument.traceUsage for more information
WARNING: Dynamic loading of agents will be disallowed by default in a future release
]]></system-err>
</testsuite>
