<?xml version="1.0" encoding="UTF-8"?>
<testsuite name="com.regisoc.modules.matchdates.domain.MatchDateTest" tests="2" skipped="0" failures="0" errors="0" timestamp="2026-07-18T15:00:46" hostname="pacho" time="0.001">
  <properties/>
  <testcase name="should create match date()" classname="com.regisoc.modules.matchdates.domain.MatchDateTest" time="0.0"/>
  <testcase name="should update match date()" classname="com.regisoc.modules.matchdates.domain.MatchDateTest" time="0.0"/>
  <system-out><![CDATA[]]></system-out>
  <system-err><![CDATA[]]></system-err>
</testsuite>
