<?xml version="1.0" encoding="UTF-8"?>
<testsuite name="com.regisoc.modules.matches.application.CreateMatchUseCaseTest" tests="1" skipped="0" failures="0" errors="0" timestamp="2026-07-18T15:00:46" hostname="pacho" time="0.065">
  <properties/>
  <testcase name="should throw when home and away clubs are the same()" classname="com.regisoc.modules.matches.application.CreateMatchUseCaseTest" time="0.065"/>
  <system-out><![CDATA[]]></system-out>
  <system-err><![CDATA[]]></system-err>
</testsuite>
