<?xml version="1.0" encoding="UTF-8"?>
<testsuite name="com.regisoc.modules.players.domain.PlayerTest" tests="4" skipped="0" failures="0" errors="0" timestamp="2026-07-18T15:00:46" hostname="pacho" time="0.005">
  <properties/>
  <testcase name="should create player with basic info()" classname="com.regisoc.modules.players.domain.PlayerTest" time="0.002"/>
  <testcase name="should update player details()" classname="com.regisoc.modules.players.domain.PlayerTest" time="0.001"/>
  <testcase name="should update player photos()" classname="com.regisoc.modules.players.domain.PlayerTest" time="0.0"/>
  <testcase name="should create player with full info()" classname="com.regisoc.modules.players.domain.PlayerTest" time="0.0"/>
  <system-out><![CDATA[]]></system-out>
  <system-err><![CDATA[]]></system-err>
</testsuite>
