<?xml version="1.0" encoding="UTF-8"?>
<testsuite name="com.regisoc.modules.events.domain.EventTest" tests="3" skipped="0" failures="0" errors="0" timestamp="2026-07-18T15:00:46" hostname="pacho" time="0.003">
  <properties/>
  <testcase name="should change event status()" classname="com.regisoc.modules.events.domain.EventTest" time="0.001"/>
  <testcase name="should create event with upcoming status()" classname="com.regisoc.modules.events.domain.EventTest" time="0.001"/>
  <testcase name="should update event details()" classname="com.regisoc.modules.events.domain.EventTest" time="0.001"/>
  <system-out><![CDATA[]]></system-out>
  <system-err><![CDATA[]]></system-err>
</testsuite>
