<?xml version="1.0" encoding="UTF-8"?>
<testsuite name="com.regisoc.modules.clubs.application.GetClubUseCaseTest" tests="2" skipped="0" failures="0" errors="0" timestamp="2026-07-18T15:00:46" hostname="pacho" time="0.063">
  <properties/>
  <testcase name="should throw when club not found()" classname="com.regisoc.modules.clubs.application.GetClubUseCaseTest" time="0.061"/>
  <testcase name="should find club by id()" classname="com.regisoc.modules.clubs.application.GetClubUseCaseTest" time="0.001"/>
  <system-out><![CDATA[]]></system-out>
  <system-err><![CDATA[]]></system-err>
</testsuite>
